[2011-09-30 23:44:09][2304][ERROR][SQL Error: Access denied for user 'stels'@'localhost' (using password: YES) at /Users/justvitalius/Sites/stels.avatech.in/htdocs/engine/modules/database/Database.class.php line 66<br>
Array
(
    [code] => 1045
    [message] => Access denied for user 'stels'@'localhost' (using password: YES)
    [query] => mysql_connect()
    [context] => /Users/justvitalius/Sites/stels.avatech.in/htdocs/engine/modules/database/Database.class.php line 66
)
]
[2011-10-01 19:18:36][8039][ERROR][SQL Error: Table 'stels.ls_categorize_blog' doesn't exist at /Users/justvitalius/Sites/stels.avatech.in/htdocs/plugins/categorize/classes/modules/blog/mapper/Blog.mapper.class.php line 60<br>
Array
(
    [code] => 1146
    [message] => Table 'stels.ls_categorize_blog' doesn't exist
    [query] => SELECT
		count(bc.blog_id) as count
		FROM
		ls_categorize_blog as bc
		WHERE
		1=1 
		
    [context] => /Users/justvitalius/Sites/stels.avatech.in/htdocs/plugins/categorize/classes/modules/blog/mapper/Blog.mapper.class.php line 60
)
]
